

Stake: 0.00005265467 ORE
  Multiplier: 1.0000001105730365x


Stake: 0.0000526564 ORE
  Change: 0.00000000173 ORE
  Multiplier: 1.000000110576655x


Stake: 0.0000526564 ORE
  Multiplier: 1.000000110576655x


Stake: 0.000052674 ORE
  Change: 0.0000000176 ORE
  Multiplier: 1.0000001106136134x


Stake: 0.000052674 ORE
  Change: 0.0000000176 ORE
  Multiplier: 1.0000001106136134x


Stake: 0.00005295048 ORE
  Change: 0.00000027648 ORE
  Multiplier: 1.000000111194183x


Stake: 0.00005308872 ORE
  Change: 0.00000013824 ORE
  Multiplier: 1.0000001114844779x


Stake: 0.00005315563 ORE
  Change: 0.00000006691 ORE
  Multiplier: 1.0000001116249846x


Stake: 0.0000533581 ORE
  Change: 0.00000020247 ORE
  Multiplier: 1.0000001120501625x


Stake: 0.00005340546 ORE
  Change: 0.00000004736 ORE
  Multiplier: 1.0000001121496147x


Stake: 0.00007044482 ORE
  Change: 0.00001703936 ORE
  Multiplier: 1.0000001479316756x


Stake: 0.0000704781 ORE
  Change: 0.00000003328 ORE
  Multiplier: 1.000000148001555x


Stake: 0.00007049468 ORE
  Change: 0.00000001658 ORE
  Multiplier: 1.0000001480363712x


Stake: 0.00007057737 ORE
  Change: 0.00000008269 ORE
  Multiplier: 1.0000001482100158x


Stake: 0.00007092553 ORE
  Change: 0.00000034816 ORE
  Multiplier: 1.000000148941139x


Stake: 0.00007095001 ORE
  Change: 0.00000002448 ORE
  Multiplier: 1.0000001489925392x


Stake: 0.00007342809 ORE
  Change: 0.00000247808 ORE
  Multiplier: 1.0000001541964196x


Stake: 0.00008055513 ORE
  Change: 0.00000712704 ORE
  Multiplier: 1.000000169162952x


Stake: 0.00008841945 ORE
  Change: 0.00000786432 ORE
  Multiplier: 1.0000001856777407x


Stake: 0.00008863603 ORE
  Change: 0.00000021658 ORE
  Multiplier: 1.0000001861325376x


Stake: 0.00008892893 ORE
  Change: 0.0000002929 ORE
  Multiplier: 1.0000001867476138x


Stake: 0.00009123293 ORE
  Change: 0.000002304 ORE
  Multiplier: 1.0000001915857342x


Stake: 0.00009218525 ORE
  Change: 0.00000095232 ORE
  Multiplier: 1.0000001935855543x


Stake: 0.00009229469 ORE
  Change: 0.00000010944 ORE
  Multiplier: 1.000000193815344x


Stake: 0.00009745565 ORE
  Change: 0.00000516096 ORE
  Multiplier: 1.0000002046531575x


Stake: 0.00009749396 ORE
  Change: 0.00000003831 ORE
  Multiplier: 1.0000002047336012x


Stake: 0.00009753364 ORE
  Change: 0.00000003968 ORE
  Multiplier: 1.0000002048169188x


Stake: 0.00010007316 ORE
  Change: 0.00000253952 ORE
  Multiplier: 1.0000002101498047x


Stake: 0.00010022263 ORE
  Change: 0.00000014947 ORE
  Multiplier: 1.0000002104636814x


Stake: 0.00010022263 ORE
  Change: 0 ORE
  Multiplier: 1.0000002104635377x


Stake: 0.00010025847 ORE
  Change: 0.00000003584 ORE
  Multiplier: 1.000000210538798x


Stake: 0.00010031479 ORE
  Change: 0.00000005632 ORE
  Multiplier: 1.0000002106570514x


Stake: 0.00010063095 ORE
  Change: 0.00000031616 ORE
  Multiplier: 1.0000002113209667x


Stake: 0.00010071415 ORE
  Change: 0.0000000832 ORE
  Multiplier: 1.0000002114956577x


Stake: 0.00010096503 ORE
  Change: 0.00000025088 ORE
  Multiplier: 1.000000212022192x


Stake: 0.00010109047 ORE
  Change: 0.00000012544 ORE
  Multiplier: 1.0000002122856084x


Stake: 0.00010133879 ORE
  Change: 0.00000024832 ORE
  Multiplier: 1.000000212807066x


Stake: 0.00010146167 ORE
  Change: 0.00000012288 ORE
  Multiplier: 1.0000002130650942x


Stake: 0.00010191223 ORE
  Change: 0.00000045056 ORE
  Multiplier: 1.0000002140112472x


Stake: 0.00010320247 ORE
  Change: 0.00000129024 ORE
  Multiplier: 1.000000216720694x


Stake: 0.00010449271 ORE
  Change: 0.00000129024 ORE
  Multiplier: 1.0000002194300357x


Stake: 0.00010513783 ORE
  Change: 0.00000064512 ORE
  Multiplier: 1.0000002207847494x


Stake: 0.00010589559 ORE
  Change: 0.00000075776 ORE
  Multiplier: 1.000000222376009x


Stake: 0.00010608503 ORE
  Change: 0.00000018944 ORE
  Multiplier: 1.0000002227738198x


Stake: 0.00010613239 ORE
  Change: 0.00000004736 ORE
  Multiplier: 1.0000002228732623x


Stake: 0.00010632183 ORE
  Change: 0.00000018944 ORE
  Multiplier: 1.0000002232710665x


Stake: 0.00010637175 ORE
  Change: 0.00000004992 ORE
  Multiplier: 1.000000223375885x


Stake: 0.00010647159 ORE
  Change: 0.00000009984 ORE
  Multiplier: 1.000000223585543x


Stake: 0.00010682999 ORE
  Change: 0.0000003584 ORE
  Multiplier: 1.0000002243381638x


Stake: 0.00010689847 ORE
  Change: 0.00000006848 ORE
  Multiplier: 1.0000002244819657x


Stake: 0.00010746167 ORE
  Change: 0.0000005632 ORE
  Multiplier: 1.0000002256646385x


Stake: 0.00010858807 ORE
  Change: 0.0000011264 ORE
  Multiplier: 1.0000002280298932x


Stake: 0.00010869559 ORE
  Change: 0.00000010752 ORE
  Multiplier: 1.0000002282556801x


Stake: 0.00010928439 ORE
  Change: 0.0000005888 ORE
  Multiplier: 1.000000229492124x


Stake: 0.00010996023 ORE
  Change: 0.00000067584 ORE
  Multiplier: 1.0000002309113531x


Stake: 0.00011010231 ORE
  Change: 0.00000014208 ORE
  Multiplier: 1.0000002312097054x


Stake: 0.00011419831 ORE
  Change: 0.000004096 ORE
  Multiplier: 1.0000002398111085x


Stake: 0.00011446199 ORE
  Change: 0.00000026368 ORE
  Multiplier: 1.0000002403648232x


Stake: 0.00011452855 ORE
  Change: 0.00000006656 ORE
  Multiplier: 1.0000002405045918x


Stake: 0.00011511633 ORE
  Change: 0.00000058778 ORE
  Multiplier: 1.000000241738898x


Stake: 0.00011543889 ORE
  Change: 0.00000032256 ORE
  Multiplier: 1.0000002424162502x


Stake: 0.00011562577 ORE
  Change: 0.00000018688 ORE
  Multiplier: 1.0000002428086843x


Stake: 0.00011963985 ORE
  Change: 0.00000401408 ORE
  Multiplier: 1.0000002512380584x


Stake: 0.00012301905 ORE
  Change: 0.0000033792 ORE
  Multiplier: 1.0000002583341674x


Stake: 0.00012315473 ORE
  Change: 0.00000013568 ORE
  Multiplier: 1.0000002586190866x


Stake: 0.00012339281 ORE
  Change: 0.00000023808 ORE
  Multiplier: 1.0000002591190287x


Stake: 0.00012342776 ORE
  Change: 0.00000003495 ORE
  Multiplier: 1.000000259192403x


Stake: 0.00012450672 ORE
  Change: 0.00000107896 ORE
  Multiplier: 1.0000002614581642x


Stake: 0.00012497691 ORE
  Change: 0.00000047019 ORE
  Multiplier: 1.0000002624455355x


Stake: 0.00012508443 ORE
  Change: 0.00000010752 ORE
  Multiplier: 1.0000002626713118x


Stake: 0.00012971291 ORE
  Change: 0.00000462848 ORE
  Multiplier: 1.0000002723908954x


Stake: 0.00012983451 ORE
  Change: 0.0000001216 ORE
  Multiplier: 1.0000002726462456x


Stake: 0.00012989775 ORE
  Change: 0.00000006324 ORE
  Multiplier: 1.0000002727790414x


Stake: 0.00013043023 ORE
  Change: 0.00000053248 ORE
  Multiplier: 1.0000002738972185x


Stake: 0.00013100035 ORE
  Change: 0.00000057012 ORE
  Multiplier: 1.000000275094363x


Stake: 0.00013120387 ORE
  Change: 0.00000020352 ORE
  Multiplier: 1.0000002755217403x


Stake: 0.00013130499 ORE
  Change: 0.00000010112 ORE
  Multiplier: 1.0000002757340811x


Stake: 0.00013202691 ORE
  Change: 0.00000072192 ORE
  Multiplier: 1.0000002772500476x


Stake: 0.00013232558 ORE
  Change: 0.00000029867 ORE
  Multiplier: 1.000000277877238x


Stake: 0.00013504942 ORE
  Change: 0.00000272384 ORE
  Multiplier: 1.0000002835969486x


Stake: 0.00013600174 ORE
  Change: 0.00000095232 ORE
  Multiplier: 1.0000002855966623x


Stake: 0.00013616226 ORE
  Change: 0.00000016052 ORE
  Multiplier: 1.0000002859337442x


Stake: 0.00013658172 ORE
  Change: 0.00000041946 ORE
  Multiplier: 1.0000002868145703x


Stake: 0.00013680444 ORE
  Change: 0.00000022272 ORE
  Multiplier: 1.000000287282258x


Stake: 0.00013687804 ORE
  Change: 0.0000000736 ORE
  Multiplier: 1.0000002874368012x


Stake: 0.0001375846 ORE
  Change: 0.00000070656 ORE
  Multiplier: 1.0000006535548247x


Stake: 0.0001376678 ORE
  Change: 0.0000000832 ORE
  Multiplier: 1.0000002890952306x
thread 'main' panicked at /root/.cargo/registry/src/index.crates.io-6f17d22bba15001f/ore-cli-2.2.1/src/send_and_confirm.rs:222:17:
ERROR Insufficient balance: 0.00477493 SOL
Please top up with at least 0.005 SOL
note: run with `RUST_BACKTRACE=1` environment variable to display a backtrace


Stake: 0.0001376678 ORE
  Multiplier: 1.0000002890022235x
thread 'main' panicked at /root/.cargo/registry/src/index.crates.io-6f17d22bba15001f/ore-cli-2.2.1/src/send_and_confirm.rs:222:17:
ERROR Insufficient balance: 0.00477493 SOL
Please top up with at least 0.005 SOL
note: run with `RUST_BACKTRACE=1` environment variable to display a backtrace
